{"contracts/SoulBoundToken.sol":{"l":{"24":31,"25":1,"28":29,"29":29,"30":29,"31":29,"35":8,"36":5,"40":2,"44":40,"48":36,"49":29,"51":7,"56":7,"65":3,"69":4},"path":"/Users/pranavlakkadi/HH-FCC/HH-SoulBound-Token/contracts/SoulBoundToken.sol","s":{"1":31,"2":29,"3":29,"4":29,"5":29,"6":8,"7":5,"8":2,"9":40,"10":36,"11":29,"12":7,"13":7,"14":7,"15":3,"16":4},"b":{"1":[31,1],"2":[1,29],"3":[5,3],"4":[2,1],"5":[36,4],"6":[29,7],"7":[29,7],"8":[7,0]},"f":{"1":3,"2":31,"3":8,"4":2,"5":40,"6":36,"7":7,"8":3,"9":4},"fnMap":{"1":{"name":"constructor","line":21,"loc":{"start":{"line":21,"column":4},"end":{"line":21,"column":49}}},"2":{"name":"safeMint","line":23,"loc":{"start":{"line":23,"column":4},"end":{"line":32,"column":4}}},"3":{"name":"burn","line":34,"loc":{"start":{"line":34,"column":4},"end":{"line":37,"column":4}}},"4":{"name":"revoke","line":39,"loc":{"start":{"line":39,"column":4},"end":{"line":41,"column":4}}},"5":{"name":"_beforeTokenTransfer","line":43,"loc":{"start":{"line":43,"column":4},"end":{"line":45,"column":4}}},"6":{"name":"_afterTokenTransfer","line":47,"loc":{"start":{"line":47,"column":4},"end":{"line":53,"column":4}}},"7":{"name":"_burn","line":55,"loc":{"start":{"line":55,"column":4},"end":{"line":57,"column":4}}},"8":{"name":"tokenURI","line":59,"loc":{"start":{"line":59,"column":4},"end":{"line":66,"column":4}}},"9":{"name":"getTokenCount","line":68,"loc":{"start":{"line":68,"column":4},"end":{"line":70,"column":4}}}},"statementMap":{"1":{"start":{"line":24,"column":8},"end":{"line":24,"column":780}},"2":{"start":{"line":28,"column":8},"end":{"line":28,"column":51}},"3":{"start":{"line":29,"column":8},"end":{"line":29,"column":34}},"4":{"start":{"line":30,"column":8},"end":{"line":30,"column":29}},"5":{"start":{"line":31,"column":8},"end":{"line":31,"column":33}},"6":{"start":{"line":35,"column":8},"end":{"line":35,"column":85}},"7":{"start":{"line":36,"column":8},"end":{"line":36,"column":21}},"8":{"start":{"line":40,"column":8},"end":{"line":40,"column":21}},"9":{"start":{"line":44,"column":8},"end":{"line":44,"column":87}},"10":{"start":{"line":48,"column":8},"end":{"line":48,"column":1593}},"11":{"start":{"line":49,"column":12},"end":{"line":49,"column":36}},"12":{"start":{"line":50,"column":15},"end":{"line":50,"column":1672}},"13":{"start":{"line":51,"column":12},"end":{"line":51,"column":36}},"14":{"start":{"line":56,"column":8},"end":{"line":56,"column":27}},"15":{"start":{"line":65,"column":8},"end":{"line":65,"column":38}},"16":{"start":{"line":69,"column":8},"end":{"line":69,"column":40}}},"branchMap":{"1":{"line":23,"type":"if","locations":[{"start":{"line":23,"column":60},"end":{"line":23,"column":60}},{"start":{"line":23,"column":60},"end":{"line":23,"column":60}}]},"2":{"line":24,"type":"if","locations":[{"start":{"line":24,"column":8},"end":{"line":24,"column":8}},{"start":{"line":24,"column":8},"end":{"line":24,"column":8}}]},"3":{"line":35,"type":"if","locations":[{"start":{"line":35,"column":8},"end":{"line":35,"column":8}},{"start":{"line":35,"column":8},"end":{"line":35,"column":8}}]},"4":{"line":39,"type":"if","locations":[{"start":{"line":39,"column":46},"end":{"line":39,"column":46}},{"start":{"line":39,"column":46},"end":{"line":39,"column":46}}]},"5":{"line":44,"type":"if","locations":[{"start":{"line":44,"column":8},"end":{"line":44,"column":8}},{"start":{"line":44,"column":8},"end":{"line":44,"column":8}}]},"6":{"line":44,"type":"cond-expr","locations":[{"start":{"line":44,"column":16},"end":{"line":44,"column":33}},{"start":{"line":44,"column":38},"end":{"line":44,"column":53}}]},"7":{"line":48,"type":"if","locations":[{"start":{"line":48,"column":8},"end":{"line":48,"column":8}},{"start":{"line":48,"column":8},"end":{"line":48,"column":8}}]},"8":{"line":50,"type":"if","locations":[{"start":{"line":50,"column":15},"end":{"line":50,"column":15}},{"start":{"line":50,"column":15},"end":{"line":50,"column":15}}]}}}}