{"contracts/SoulBoundToken.sol":{"l":{"21":18,"22":18,"23":18,"24":17,"28":7,"29":5,"33":1,"37":23,"42":23,"43":17,"45":6,"50":6,"59":3,"63":4},"path":"/Users/pranavlakkadi/HH-FCC/HH-SoulBound-Token/contracts/SoulBoundToken.sol","s":{"1":18,"2":18,"3":18,"4":17,"5":7,"6":5,"7":1,"8":23,"9":23,"10":17,"11":6,"12":6,"13":6,"14":3,"15":4},"b":{"1":[18,1],"2":[5,2],"3":[1,1],"4":[23,0],"5":[17,6],"6":[17,6],"7":[6,0]},"f":{"1":3,"2":18,"3":7,"4":1,"5":23,"6":23,"7":6,"8":3,"9":4},"fnMap":{"1":{"name":"constructor","line":18,"loc":{"start":{"line":18,"column":4},"end":{"line":18,"column":49}}},"2":{"name":"safeMint","line":20,"loc":{"start":{"line":20,"column":4},"end":{"line":25,"column":4}}},"3":{"name":"burn","line":27,"loc":{"start":{"line":27,"column":4},"end":{"line":30,"column":4}}},"4":{"name":"revoke","line":32,"loc":{"start":{"line":32,"column":4},"end":{"line":34,"column":4}}},"5":{"name":"_beforeTokenTransfer","line":36,"loc":{"start":{"line":36,"column":4},"end":{"line":38,"column":4}}},"6":{"name":"_afterTokenTransfer","line":40,"loc":{"start":{"line":40,"column":4},"end":{"line":47,"column":4}}},"7":{"name":"_burn","line":49,"loc":{"start":{"line":49,"column":4},"end":{"line":51,"column":4}}},"8":{"name":"tokenURI","line":53,"loc":{"start":{"line":53,"column":4},"end":{"line":60,"column":4}}},"9":{"name":"getTokenCount","line":62,"loc":{"start":{"line":62,"column":4},"end":{"line":64,"column":4}}}},"statementMap":{"1":{"start":{"line":21,"column":8},"end":{"line":21,"column":51}},"2":{"start":{"line":22,"column":8},"end":{"line":22,"column":34}},"3":{"start":{"line":23,"column":8},"end":{"line":23,"column":29}},"4":{"start":{"line":24,"column":8},"end":{"line":24,"column":33}},"5":{"start":{"line":28,"column":8},"end":{"line":28,"column":85}},"6":{"start":{"line":29,"column":8},"end":{"line":29,"column":21}},"7":{"start":{"line":33,"column":8},"end":{"line":33,"column":21}},"8":{"start":{"line":37,"column":8},"end":{"line":37,"column":87}},"9":{"start":{"line":42,"column":8},"end":{"line":42,"column":1432}},"10":{"start":{"line":43,"column":12},"end":{"line":43,"column":36}},"11":{"start":{"line":44,"column":15},"end":{"line":44,"column":1511}},"12":{"start":{"line":45,"column":12},"end":{"line":45,"column":36}},"13":{"start":{"line":50,"column":8},"end":{"line":50,"column":27}},"14":{"start":{"line":59,"column":8},"end":{"line":59,"column":38}},"15":{"start":{"line":63,"column":8},"end":{"line":63,"column":40}}},"branchMap":{"1":{"line":20,"type":"if","locations":[{"start":{"line":20,"column":60},"end":{"line":20,"column":60}},{"start":{"line":20,"column":60},"end":{"line":20,"column":60}}]},"2":{"line":28,"type":"if","locations":[{"start":{"line":28,"column":8},"end":{"line":28,"column":8}},{"start":{"line":28,"column":8},"end":{"line":28,"column":8}}]},"3":{"line":32,"type":"if","locations":[{"start":{"line":32,"column":46},"end":{"line":32,"column":46}},{"start":{"line":32,"column":46},"end":{"line":32,"column":46}}]},"4":{"line":37,"type":"if","locations":[{"start":{"line":37,"column":8},"end":{"line":37,"column":8}},{"start":{"line":37,"column":8},"end":{"line":37,"column":8}}]},"5":{"line":37,"type":"cond-expr","locations":[{"start":{"line":37,"column":16},"end":{"line":37,"column":33}},{"start":{"line":37,"column":38},"end":{"line":37,"column":53}}]},"6":{"line":42,"type":"if","locations":[{"start":{"line":42,"column":8},"end":{"line":42,"column":8}},{"start":{"line":42,"column":8},"end":{"line":42,"column":8}}]},"7":{"line":44,"type":"if","locations":[{"start":{"line":44,"column":15},"end":{"line":44,"column":15}},{"start":{"line":44,"column":15},"end":{"line":44,"column":15}}]}}}}